
>> ******************************* logs on Thu Oct 20 15:31:12 2016 ******************************* <<
(Thu Oct 20 15:31:12 2016)Info: Event Handler system initializing... (In : "engine module" by priority: info)
(Thu Oct 20 15:31:12 2016)Info: Event Handler system initialize successfully! (In : "engine module" by priority: info)
(Thu Oct 20 15:31:12 2016)Info: Collision module initializing... (In : "engine module" by priority: info)
(Thu Oct 20 15:31:12 2016)Info: Collision module initialize successfully! (In : "engine module" by priority: info)
(Thu Oct 20 15:31:12 2016)Info: OpenGL shaders: ENABLED (In : "render module" by priority: info)
(Thu Oct 20 15:31:12 2016)Info: Created renderer: opengl (In : "render module" by priority: info)
(Thu Oct 20 15:31:18 2016)Info: Collision module shutting down... (In : "engine module" by priority: info)
(Thu Oct 20 15:31:18 2016)Info: Collision module shut down successfully! (In : "engine module" by priority: info)
(Thu Oct 20 15:31:18 2016)Info: Event Handler system shutting down... (In : "engine module" by priority: info)
(Thu Oct 20 15:31:18 2016)Info: Event Handler system shut down successfully! (In : "engine module" by priority: info)


>> ******************************* logs on Thu Oct 20 15:33:25 2016 ******************************* <<
(Thu Oct 20 15:33:25 2016)Info: Event Handler system initializing... (In : "engine module" by priority: info)
(Thu Oct 20 15:33:25 2016)Info: Event Handler system initialize successfully! (In : "engine module" by priority: info)
(Thu Oct 20 15:33:25 2016)Info: Collision module initializing... (In : "engine module" by priority: info)
(Thu Oct 20 15:33:25 2016)Info: Collision module initialize successfully! (In : "engine module" by priority: info)
(Thu Oct 20 15:33:25 2016)Info: OpenGL shaders: ENABLED (In : "render module" by priority: info)
(Thu Oct 20 15:33:25 2016)Info: Created renderer: opengl (In : "render module" by priority: info)
(Thu Oct 20 15:34:02 2016)Info: Collision module shutting down... (In : "engine module" by priority: info)
(Thu Oct 20 15:34:02 2016)Info: Collision module shut down successfully! (In : "engine module" by priority: info)
(Thu Oct 20 15:34:02 2016)Info: Event Handler system shutting down... (In : "engine module" by priority: info)
(Thu Oct 20 15:34:02 2016)Info: Event Handler system shut down successfully! (In : "engine module" by priority: info)

