
>> ******************************* logs on Thu Oct 20 15:30:21 2016 ******************************* <<
(Thu Oct 20 15:30:21 2016)Info: Event Handler system initializing... (In : "engine module" by priority: info)
(Thu Oct 20 15:30:21 2016)Info: Event Handler system initialize successfully! (In : "engine module" by priority: info)
(Thu Oct 20 15:30:21 2016)Info: Collision module initializing... (In : "engine module" by priority: info)
(Thu Oct 20 15:30:21 2016)Info: Collision module initialize successfully! (In : "engine module" by priority: info)
(Thu Oct 20 15:30:22 2016)Info: OpenGL shaders: ENABLED (In : "render module" by priority: info)
(Thu Oct 20 15:30:22 2016)Info: Created renderer: opengl (In : "render module" by priority: info)
(Thu Oct 20 15:30:22 2016)An Error occured in "engine module". Info: Couldn't open tiles.png (File: /home/stedeshain/Studio/Interface/Steg/sources_load.cpp, Function: _GetTexture, Line: 21)
(Thu Oct 20 15:30:22 2016)An Error occured in "engine module". Info: Cannot load textures for DrawableComp! (File: /home/stedeshain/Studio/Interface/Steg/drawable_comp.cpp, Function: LoadTexture, Line: 365)
(Thu Oct 20 15:30:22 2016)An Error occured in "engine module". Info: Invalid texture (File: /home/stedeshain/Studio/Interface/Steg/drawable_comp.cpp, Function: LoadTexture, Line: 377)
(Thu Oct 20 15:30:22 2016)An Error occured in "engine module". Info: Couldn't open tiles.png (File: /home/stedeshain/Studio/Interface/Steg/sources_load.cpp, Function: _GetTexture, Line: 21)
(Thu Oct 20 15:30:22 2016)An Error occured in "engine module". Info: Cannot load textures for DrawableComp! (File: /home/stedeshain/Studio/Interface/Steg/drawable_comp.cpp, Function: LoadTexture, Line: 365)
(Thu Oct 20 15:30:22 2016)An Error occured in "engine module". Info: Invalid texture (File: /home/stedeshain/Studio/Interface/Steg/drawable_comp.cpp, Function: LoadTexture, Line: 377)

>> ******************************* logs on Thu Oct 20 15:31:05 2016 ******************************* <<
(Thu Oct 20 15:31:05 2016)Info: Event Handler system initializing... (In : "engine module" by priority: info)
(Thu Oct 20 15:31:05 2016)Info: Event Handler system initialize successfully! (In : "engine module" by priority: info)
(Thu Oct 20 15:31:05 2016)Info: Collision module initializing... (In : "engine module" by priority: info)
(Thu Oct 20 15:31:05 2016)Info: Collision module initialize successfully! (In : "engine module" by priority: info)
(Thu Oct 20 15:31:05 2016)Info: OpenGL shaders: ENABLED (In : "render module" by priority: info)
(Thu Oct 20 15:31:05 2016)Info: Created renderer: opengl (In : "render module" by priority: info)
(Thu Oct 20 15:31:09 2016)Info: Collision module shutting down... (In : "engine module" by priority: info)
(Thu Oct 20 15:31:09 2016)Info: Collision module shut down successfully! (In : "engine module" by priority: info)
(Thu Oct 20 15:31:09 2016)Info: Event Handler system shutting down... (In : "engine module" by priority: info)
(Thu Oct 20 15:31:09 2016)Info: Event Handler system shut down successfully! (In : "engine module" by priority: info)


>> ******************************* logs on Thu Oct 20 15:32:26 2016 ******************************* <<
(Thu Oct 20 15:32:26 2016)Info: Event Handler system initializing... (In : "engine module" by priority: info)
(Thu Oct 20 15:32:26 2016)Info: Event Handler system initialize successfully! (In : "engine module" by priority: info)
(Thu Oct 20 15:32:26 2016)Info: Collision module initializing... (In : "engine module" by priority: info)
(Thu Oct 20 15:32:26 2016)Info: Collision module initialize successfully! (In : "engine module" by priority: info)
(Thu Oct 20 15:32:26 2016)Info: OpenGL shaders: ENABLED (In : "render module" by priority: info)
(Thu Oct 20 15:32:26 2016)Info: Created renderer: opengl (In : "render module" by priority: info)
(Thu Oct 20 15:32:29 2016)Info: Collision module shutting down... (In : "engine module" by priority: info)
(Thu Oct 20 15:32:29 2016)Info: Collision module shut down successfully! (In : "engine module" by priority: info)
(Thu Oct 20 15:32:29 2016)Info: Event Handler system shutting down... (In : "engine module" by priority: info)
(Thu Oct 20 15:32:29 2016)Info: Event Handler system shut down successfully! (In : "engine module" by priority: info)


>> ******************************* logs on Thu Oct 20 15:32:36 2016 ******************************* <<
(Thu Oct 20 15:32:36 2016)Info: Event Handler system initializing... (In : "engine module" by priority: info)
(Thu Oct 20 15:32:36 2016)Info: Event Handler system initialize successfully! (In : "engine module" by priority: info)
(Thu Oct 20 15:32:36 2016)Info: Collision module initializing... (In : "engine module" by priority: info)
(Thu Oct 20 15:32:36 2016)Info: Collision module initialize successfully! (In : "engine module" by priority: info)
(Thu Oct 20 15:32:36 2016)Info: OpenGL shaders: ENABLED (In : "render module" by priority: info)
(Thu Oct 20 15:32:36 2016)Info: Created renderer: opengl (In : "render module" by priority: info)
(Thu Oct 20 15:32:43 2016)Info: Collision module shutting down... (In : "engine module" by priority: info)
(Thu Oct 20 15:32:43 2016)Info: Collision module shut down successfully! (In : "engine module" by priority: info)
(Thu Oct 20 15:32:43 2016)Info: Event Handler system shutting down... (In : "engine module" by priority: info)
(Thu Oct 20 15:32:43 2016)Info: Event Handler system shut down successfully! (In : "engine module" by priority: info)

